[ 10:30:17 ] Есть не отправленные покупки: 
[ 10:30:17 ] Обработка покупки: 2
[ 10:30:17 ] Предмет: Наклейка | dupreeh | Кёльн 2015 (3862962025)
[ 10:30:17 ] Пользователь: 76561198082930218
[ 10:30:17 ] Бот: sdoltu (76561198210557097)
[ 10:30:17 ] Авторизовываем бота...
[33msteamclient:[0m connecting to 162.254.196.41:27017
[33msteamclient:[0m connected
[33msteamclient:[0m encrypt request
[33msteamclient:[0m handshake complete
[ 10:30:27 ] Получаем ссылку пользователя: 76561198082930218
[ 10:30:29 ] Проверка наличия у бота
[ 10:30:29 ] Предмет найден. Отправляем пользователю. Попытка №1
[ 10:30:33 ] Покупка отправлена!
[ 10:30:37 ] Есть не отправленные покупки: 
[ 10:30:37 ] Обработка покупки: 4
[ 10:30:37 ] Предмет: Наклейка | dupreeh | Кёльн 2015 (3862961980)
[ 10:30:37 ] Пользователь: 76561198082930218
[ 10:30:37 ] Бот: sdoltu (76561198210557097)
[ 10:30:37 ] Авторизовываем бота...
[33msteamclient:[0m connecting to 162.254.196.43:27017
[33msteamclient:[0m connected
[33msteamclient:[0m encrypt request
[33msteamclient:[0m handshake complete
[ 10:30:47 ] Получаем ссылку пользователя: 76561198082930218
[ 10:30:49 ] Проверка наличия у бота
[ 10:30:49 ] Предмет найден. Отправляем пользователю. Попытка №1
[ 10:30:50 ] Покупка отправлена!
[ 10:30:57 ] Есть не отправленные покупки: 
[ 10:30:57 ] Обработка покупки: 5
[ 10:30:57 ] Предмет: Наклейка | mousesports | Кёльн 2015 (3862961992)
[ 10:30:57 ] Пользователь: 76561198082930218
[ 10:30:57 ] Бот: sdoltu (76561198210557097)
[ 10:30:57 ] Авторизовываем бота...
[33msteamclient:[0m connecting to 162.254.197.40:27021
[33msteamclient:[0m connected
[33msteamclient:[0m encrypt request
[33msteamclient:[0m handshake complete
[ 10:31:07 ] Получаем ссылку пользователя: 76561198082930218
[ 10:31:08 ] Проверка наличия у бота
[ 10:31:08 ] Предмет найден. Отправляем пользователю. Попытка №1
[ 10:31:10 ] Покупка отправлена!
