[33msteamclient:[0m connecting to 185.25.180.15:27020
[33msteamclient:[0m connected
[33msteamclient:[0m encrypt request
[33msteamclient:[0m handshake complete
[ 23:17:38 ] Начинаем раунд №559
[ 23:17:40 ] Новая ставка: 809850835 (76561198175415553)
[ 23:17:40 ] Начинаем обрабатывать ставку: 809850835 (76561198175415553)
[ 23:17:40 ] Проверяем вещи в ставке: 809850835 (76561198175415553)
[ 23:17:40 ] Новая ставка: 809843758 (76561198212911161)
[ 23:17:40 ] Начинаем обрабатывать ставку: 809843758 (76561198212911161)
[ 23:17:40 ] Проверяем вещи в ставке: 809843758 (76561198212911161)
[ 23:17:40 ] Новая ставка: 809623302 (76561198196622477)
[ 23:17:40 ] Начинаем обрабатывать ставку: 809623302 (76561198196622477)
[ 23:17:40 ] Проверяем вещи в ставке: 809623302 (76561198196622477)
[ 23:17:40 ] Новая ставка: 809619952 (76561198196622477)
[ 23:17:40 ] Новая ставка: 809616654 (76561198196622477)
[ 23:17:40 ] Новая ставка: 809615742 (76561198196622477)
[ 23:17:40 ] Новая ставка: 809610901 (76561198196622477)
[ 23:17:40 ] Все ОК. Ожидаем подтверждения ставки: 809843758 (76561198212911161)
[ 23:17:40 ] Все ОК. Ожидаем подтверждения ставки: 809850835 (76561198175415553)
[ 23:17:41 ] Все ОК. Ожидаем подтверждения ставки: 809623302 (76561198196622477)
